0 info it worked if it ends with ok
1 verbose cli [ 'c:\\Program Files\\nodejs\\node.exe',
1 verbose cli   'c:\\Program Files\\nodejs\\node_modules\\npm\\bin\\npm-cli.js',
1 verbose cli   'run',
1 verbose cli   'minify' ]
2 info using npm@3.10.10
3 info using node@v6.11.1
4 verbose run-script [ 'preminify', 'minify', 'postminify' ]
5 info lifecycle @~preminify: @
6 silly lifecycle @~preminify: no script for preminify, continuing
7 info lifecycle @~minify: @
8 verbose lifecycle @~minify: unsafe-perm in lifecycle true
9 verbose lifecycle @~minify: PATH: c:\Program Files\nodejs\node_modules\npm\bin\node-gyp-bin;C:\tools\minifier\app\node_modules\.bin;c:\program files\oculus\support\oculus-runtime;c:\program files\oculus\support\oculus-runtime;c:\programdata\oracle\java\javapath;c:\program files\common files\microsoft shared\windows live;c:\program files (x86)\common files\microsoft shared\windows live;c:\windows\system32;c:\windows;c:\windows\system32\wbem;c:\windows\system32\windowspowershell\v1.0\;c:\program files (x86)\calibre2\;c:\program files (x86)\windows live\shared;c:\program files (x86)\autodesk\backburner\;c:\program files (x86)\windows kits\10\windows performance toolkit\;c:\program files (x86)\putty\;c:\users\jck\appdata\local\programs\git\cmd;c:\program files\microsoft sql server\120\tools\binn\;c:\program files\microsoft sql server\130\tools\binn\;c:\program files\microsoft\web platform installer\;c:\program files (x86)\microsoft sql server\110\dts\binn\;c:\program files (x86)\microsoft sql server\120\dts\binn\;c:\program files (x86)\microsoft sql server\130\dts\binn\;c:\program files\microsoft sql server\110\tools\binn\;c:\program files\dotnet\;c:\program files (x86)\universal extractor;c:\program files (x86)\universal extractor\bin;c:\program files (x86)\quicktime alternative\qtsystem;c:\program files (x86)\yarn\bin;c:\program files (x86)\extensis\suitcase fusion\;c:\program files\nodejs\;C:\WINDOWS\system32;C:\WINDOWS;C:\WINDOWS\system32\wbem;C:\WINDOWS\system32\windowspowershell\v1.0\;C:\WINDOWS\system32;C:\WINDOWS;C:\WINDOWS\system32\wbem;C:\WINDOWS\system32\windowspowershell\v1.0\;C:\WINDOWS\system32\openssh\;C:\Program Files (x86)\NVIDIA Corporation\PhysX\Common;C:\Users\JCK\AppData\Local\atom\bin;C:\Users\JCK\AppData\Local\Microsoft\WindowsApps;C:\Users\JCK\AppData\Local\Yarn\bin;C:\Users\JCK\AppData\Roaming\npm;
10 verbose lifecycle @~minify: CWD: C:\tools\minifier\app
11 silly lifecycle @~minify: Args: [ '/d /s /c', 'node minify.js' ]
12 silly lifecycle @~minify: Returned: code: 3221225786  signal: null
13 info lifecycle @~minify: Failed to exec minify script
14 verbose stack Error: @ minify: `node minify.js`
14 verbose stack Exit status 3221225786
14 verbose stack     at EventEmitter.<anonymous> (c:\Program Files\nodejs\node_modules\npm\lib\utils\lifecycle.js:255:16)
14 verbose stack     at emitTwo (events.js:106:13)
14 verbose stack     at EventEmitter.emit (events.js:191:7)
14 verbose stack     at ChildProcess.<anonymous> (c:\Program Files\nodejs\node_modules\npm\lib\utils\spawn.js:40:14)
14 verbose stack     at emitTwo (events.js:106:13)
14 verbose stack     at ChildProcess.emit (events.js:191:7)
14 verbose stack     at maybeClose (internal/child_process.js:891:16)
14 verbose stack     at Process.ChildProcess._handle.onexit (internal/child_process.js:226:5)
15 verbose pkgid @
16 verbose cwd C:\tools\minifier\app
17 error Windows_NT 10.0.17134
18 error argv "c:\\Program Files\\nodejs\\node.exe" "c:\\Program Files\\nodejs\\node_modules\\npm\\bin\\npm-cli.js" "run" "minify"
19 error node v6.11.1
20 error npm  v3.10.10
21 error code ELIFECYCLE
22 error @ minify: `node minify.js`
22 error Exit status 3221225786
23 error Failed at the @ minify script 'node minify.js'.
23 error Make sure you have the latest version of node.js and npm installed.
23 error If you do, this is most likely a problem with the  package,
23 error not with npm itself.
23 error Tell the author that this fails on your system:
23 error     node minify.js
23 error You can get information on how to open an issue for this project with:
23 error     npm bugs
23 error Or if that isn't available, you can get their info via:
23 error     npm owner ls
23 error There is likely additional logging output above.
24 verbose exit [ 1, true ]
